0 verbose cli /usr/local/nvm/versions/node/v18.19.1/bin/node /usr/local/nvm/versions/node/v18.19.1/lib/node_modules/npm/bin/npm-cli.js
1 info using npm@10.2.4
2 info using node@v18.19.1
3 timing npm:load:whichnode Completed in 1ms
4 timing config:load:defaults Completed in 3ms
5 timing config:load:file:/usr/local/nvm/versions/node/v18.19.1/lib/node_modules/npm/npmrc Completed in 0ms
6 timing config:load:builtin Completed in 1ms
7 timing config:load:cli Completed in 1ms
8 timing config:load:env Completed in 1ms
9 timing config:load:project Completed in 2ms
10 timing config:load:file:/app/.npmrc Completed in 1ms
11 timing config:load:user Completed in 1ms
12 timing config:load:file:/usr/local/nvm/versions/node/v18.19.1/etc/npmrc Completed in 0ms
13 timing config:load:global Completed in 0ms
14 timing config:load:setEnvs Completed in 1ms
15 timing config:load Completed in 10ms
16 timing npm:load:configload Completed in 10ms
17 timing config:load:flatten Completed in 2ms
18 timing npm:load:mkdirpcache Completed in 2ms
19 timing npm:load:mkdirplogs Completed in 1ms
20 verbose title npm exec eslint --format unix -- src/components/ui/SaveButton.tsx src/components/layout/MobileNavbar.tsx src/components/layout/Sidebar.tsx src/components/dashboard/DashboardGrid.tsx src/app/layout.tsx src/app/page.tsx src/app/profile/page.tsx src/components/features/RecentSavesList.tsx src/components/features/SaveModal.tsx src/components/layout/StatsBar.tsx src/app/collections/page.tsx src/app/profile/ProfileContent.tsx src/app/recents/RecentsContent.tsx src/lib/utils.ts src/components/features/SearchResultsPanel.tsx src/components/features/ClusterPanel.tsx src/app/search/page.tsx src/app/collections/CollectionsGrid.tsx src/components/ui/SearchBar.tsx src/components/features/ResourceCard.tsx src/components/theme-provider.tsx src/components/layout/Header.tsx src/app/search/SearchPage.tsx src/app/recents/page.tsx
21 verbose argv "exec" "--" "eslint" "--format" "unix" "--" "src/components/ui/SaveButton.tsx" "src/components/layout/MobileNavbar.tsx" "src/components/layout/Sidebar.tsx" "src/components/dashboard/DashboardGrid.tsx" "src/app/layout.tsx" "src/app/page.tsx" "src/app/profile/page.tsx" "src/components/features/RecentSavesList.tsx" "src/components/features/SaveModal.tsx" "src/components/layout/StatsBar.tsx" "src/app/collections/page.tsx" "src/app/profile/ProfileContent.tsx" "src/app/recents/RecentsContent.tsx" "src/lib/utils.ts" "src/components/features/SearchResultsPanel.tsx" "src/components/features/ClusterPanel.tsx" "src/app/search/page.tsx" "src/app/collections/CollectionsGrid.tsx" "src/components/ui/SearchBar.tsx" "src/components/features/ResourceCard.tsx" "src/components/theme-provider.tsx" "src/components/layout/Header.tsx" "src/app/search/SearchPage.tsx" "src/app/recents/page.tsx"
22 timing npm:load:setTitle Completed in 2ms
23 timing npm:load:display Completed in 0ms
24 verbose logfile logs-max:10 dir:/app/.npm/_logs/2025-05-10T18_02_03_457Z-
25 verbose logfile /app/.npm/_logs/2025-05-10T18_02_03_457Z-debug-0.log
26 timing npm:load:logFile Completed in 11ms
27 timing npm:load:timers Completed in 0ms
28 timing npm:load:configScope Completed in 0ms
29 timing npm:load Completed in 40ms
30 silly logfile done cleaning log files
31 timing command:exec Completed in 7326ms
32 verbose exit 1
33 timing npm Completed in 7529ms
34 verbose code 1
